<?xml version="1.0" encoding="UTF-8"?>
<testsuite name="ghost.MapTest" tests="1" skipped="0" failures="0" errors="0" timestamp="2020-11-22T12:13:06" hostname="Aashikas-MBP" time="0.001">
  <properties/>
  <testcase name="constructor()" classname="ghost.MapTest" time="0.001"/>
  <system-out><![CDATA[]]></system-out>
  <system-err><![CDATA[]]></system-err>
</testsuite>
