<?xml version="1.0" encoding="UTF-8"?>
<testsuite name="ghost.GhostTest" tests="42" skipped="0" failures="0" errors="0" timestamp="2020-11-22T12:12:58" hostname="Aashikas-MBP" time="8.824">
  <properties/>
  <testcase name="checkTargetXAmbusher()" classname="ghost.GhostTest" time="0.003"/>
  <testcase name="checkTargetXIgnorant()" classname="ghost.GhostTest" time="0.001"/>
  <testcase name="moveGhostAndWaka()" classname="ghost.GhostTest" time="0.062"/>
  <testcase name="constructor()" classname="ghost.GhostTest" time="0.001"/>
  <testcase name="getRoundNumber()" classname="ghost.GhostTest" time="0.001"/>
  <testcase name="checkFrightTimes()" classname="ghost.GhostTest" time="0.003"/>
  <testcase name="isWhimAlive()" classname="ghost.GhostTest" time="0.001"/>
  <testcase name="checkMove1()" classname="ghost.GhostTest" time="0.055"/>
  <testcase name="checkMove2()" classname="ghost.GhostTest" time="0.116"/>
  <testcase name="checkMove3()" classname="ghost.GhostTest" time="0.087"/>
  <testcase name="dieGhost1()" classname="ghost.GhostTest" time="0.103"/>
  <testcase name="dieGhost2()" classname="ghost.GhostTest" time="0.124"/>
  <testcase name="dieGhost3()" classname="ghost.GhostTest" time="0.151"/>
  <testcase name="dieGhost4()" classname="ghost.GhostTest" time="0.092"/>
  <testcase name="moveFrightenedGhost()" classname="ghost.GhostTest" time="0.228"/>
  <testcase name="checkAddFrightTimes()" classname="ghost.GhostTest" time="0.002"/>
  <testcase name="checkTargetXChaser()" classname="ghost.GhostTest" time="0.002"/>
  <testcase name="isChaserAlive()" classname="ghost.GhostTest" time="0.001"/>
  <testcase name="checkFrightenedLength()" classname="ghost.GhostTest" time="0.001"/>
  <testcase name="getTimeOffset()" classname="ghost.GhostTest" time="0.002"/>
  <testcase name="checkTargetYAmbusher()" classname="ghost.GhostTest" time="0.002"/>
  <testcase name="checkMove()" classname="ghost.GhostTest" time="1.414"/>
  <testcase name="getTargetsAmbusher()" classname="ghost.GhostTest" time="0.001"/>
  <testcase name="getTargetsChaser()" classname="ghost.GhostTest" time="0.001"/>
  <testcase name="checkTargetYChaser()" classname="ghost.GhostTest" time="0.001"/>
  <testcase name="checkTargetYIgnorant()" classname="ghost.GhostTest" time="0.001"/>
  <testcase name="checkTargetXWhim()" classname="ghost.GhostTest" time="0.001"/>
  <testcase name="checkTargetYWhim()" classname="ghost.GhostTest" time="0.001"/>
  <testcase name="getTargetsIgnorant()" classname="ghost.GhostTest" time="0.002"/>
  <testcase name="moveGhostAndWaka2()" classname="ghost.GhostTest" time="1.768"/>
  <testcase name="moveGhostAndWaka3()" classname="ghost.GhostTest" time="2.128"/>
  <testcase name="isIgnorantAlive()" classname="ghost.GhostTest" time="0.001"/>
  <testcase name="isAmbusherAlive()" classname="ghost.GhostTest" time="0.001"/>
  <testcase name="modeLengthAdjuster()" classname="ghost.GhostTest" time="0.001"/>
  <testcase name="updatingFrightenedLength()" classname="ghost.GhostTest" time="0.001"/>
  <testcase name="getTargetsWhim()" classname="ghost.GhostTest" time="0.001"/>
  <testcase name="checkAddFrightTimes2()" classname="ghost.GhostTest" time="0.001"/>
  <testcase name="checkAddFrightTimes3()" classname="ghost.GhostTest" time="0.001"/>
  <testcase name="checkAddFrightTimes4()" classname="ghost.GhostTest" time="0.001"/>
  <testcase name="checkDebugMode()" classname="ghost.GhostTest" time="2.426"/>
  <testcase name="checkTimeOffset2()" classname="ghost.GhostTest" time="0.001"/>
  <testcase name="checkTimeOffset3()" classname="ghost.GhostTest" time="0.0"/>
  <system-out><![CDATA[]]></system-out>
  <system-err><![CDATA[]]></system-err>
</testsuite>
