<?xml version="1.0" encoding="UTF-8"?>
<testsuite name="ghost.AppTest" tests="2" skipped="0" failures="0" errors="0" timestamp="2020-11-22T12:12:57" hostname="Aashikas-MBP" time="0.564">
  <properties/>
  <testcase name="checkFunctionality()" classname="ghost.AppTest" time="0.558"/>
  <testcase name="simpleTest()" classname="ghost.AppTest" time="0.006"/>
  <system-out><![CDATA[]]></system-out>
  <system-err><![CDATA[]]></system-err>
</testsuite>
